2025-07-04 21:09:42,138 - Heard: jarvis wake up
2025-07-04 21:09:50,067 - Heard: jarvis loan
2025-07-04 21:10:07,038 - Heard: jarvis learn
2025-07-04 21:17:55,239 - Heard: jarvis wake up
2025-07-04 21:18:01,485 - Heard: learn
2025-07-04 21:39:32,048 - Heard: jarvis
2025-07-04 21:39:36,255 - Heard: jarvis wake up
2025-07-04 21:44:44,396 - Heard: jarvis wake up
2025-07-04 21:45:04,948 - Heard: jarvis open adobe photoshop
2025-07-04 21:47:53,228 - Heard: ham log
2025-07-04 22:03:07,502 - Heard: mala
2025-07-04 22:17:56,191 - Heard: jar
2025-07-04 22:18:07,194 - Heard: jarvis wake up
2025-07-04 22:18:18,158 - Heard: service open cyberlink power
2025-07-04 22:19:11,528 - Heard: jarvis wake up
2025-07-04 22:19:20,622 - Heard: jarvis open cyberlink power
2025-07-04 22:19:20,625 - Startup Error: Expecting value: line 1 column 1 (char 0)
2025-07-04 22:20:22,738 - Heard: jarvis wake up
2025-07-04 22:20:38,819 - Heard: jarvis open firefox
2025-07-04 22:20:38,820 - Startup Error: Expecting value: line 1 column 1 (char 0)
2025-07-04 22:32:49,644 - Heard: jarvis wake up
2025-07-04 22:33:05,729 - Heard: jarvis open firefox
2025-07-04 22:33:05,730 - Startup Error: Expecting value: line 1 column 1 (char 0)
2025-07-04 22:35:33,931 - Heard: wake up
2025-07-04 22:35:39,208 - Heard: jarvis wake up
2025-07-04 22:35:54,958 - Heard: jarvis update apps
2025-07-04 22:36:23,866 - Heard: jarvis open firefox
2025-07-04 22:36:23,867 - Startup Error: Expecting value: line 1 column 1 (char 0)
2025-07-04 22:38:25,165 - Heard: jarvis wake up
2025-07-04 22:38:32,822 - Heard: jarvis open firefox
2025-07-04 22:38:32,823 - Startup Error: Expecting value: line 1 column 1 (char 0)
2025-07-04 22:46:03,624 - Heard: jarvis wake up
2025-07-04 22:46:23,232 - Heard: jarvis open access
2025-07-04 22:46:23,233 - Startup Error: Expecting value: line 1 column 1 (char 0)
2025-07-04 22:50:57,125 - Heard: jarvis wake up
2025-07-04 22:51:04,368 - Heard: jarvis open firefox
2025-07-04 22:51:04,369 - Startup Error: Expecting value: line 1 column 1 (char 0)
2025-07-04 22:56:24,773 - Heard: wake up
2025-07-04 22:56:29,577 - Heard: jarvis wake up
2025-07-04 22:56:35,508 - Heard: open fire
2025-07-04 22:56:35,509 - Startup Error: Expecting value: line 1 column 1 (char 0)
2025-07-04 22:59:58,989 - Heard: jarvis wake up
2025-07-04 23:00:09,593 - Heard: jarvis open notepad test
2025-07-04 23:00:09,597 - Startup Error: Expecting value: line 1 column 1 (char 0)
2025-07-04 23:18:12,164 - Heard: 2020 world cup
2025-07-04 23:18:18,788 - Heard: jarvis wake up
2025-07-04 23:18:27,143 - Heard: 4:20 open firefox
2025-07-04 23:18:40,383 - Heard: jarvis open adobe photoshop
2025-07-04 23:19:38,069 - Heard: please open word
2025-07-04 23:25:31,015 - Heard: jarvis open whatsapp
2025-07-04 23:26:31,777 - Heard: please open vlc player
2025-07-04 23:27:07,204 - Heard: jarvis open firefox
2025-07-04 23:27:17,703 - Heard: jarvis open youtube
2025-07-04 23:27:26,162 - Heard: what are you doing
2025-07-04 23:27:26,163 - Startup Error: Expecting value: line 1 column 1 (char 0)
2025-07-04 23:29:04,085 - Heard: jain vishva cup
2025-07-04 23:29:14,258 - Heard: jarvis wake up
2025-07-04 23:29:21,476 - Heard: what is google
2025-07-04 23:29:21,477 - Startup Error: Expecting value: line 1 column 1 (char 0)
2025-07-04 23:34:51,241 - Heard: jarvis world cup
2025-07-04 23:34:59,467 - Heard: jarvis wake up
2025-07-04 23:35:10,318 - Heard: jarvis open youtube
2025-07-04 23:43:01,337 - Heard: proprietor
2025-07-04 23:43:01,338 - Startup Error: Expecting value: line 1 column 1 (char 0)
2025-07-05 00:54:46,418 - Heard: jarvis wake up
2025-07-05 00:59:10,584 - Heard: jarvis open chrome
2025-07-05 01:00:14,590 - Heard: jarvis google
2025-07-05 01:00:14,590 - Startup Error: Expecting value: line 1 column 1 (char 0)
2025-07-05 01:11:34,016 - Heard: wake up
2025-07-05 01:11:40,690 - Heard: jarvis wake up
2025-07-05 01:11:48,287 - Heard: what is java
2025-07-05 01:11:48,287 - Startup Error: Expecting value: line 1 column 1 (char 0)
2025-07-05 01:13:43,278 - Heard: jarvis wake up
2025-07-05 01:13:50,301 - Heard: what is java
2025-07-05 01:13:50,302 - Startup Error: name 'parse_intent' is not defined
2025-07-05 01:16:29,977 - Heard: jarvis wake up
2025-07-05 01:16:36,924 - Heard: what is java
2025-07-05 01:16:36,924 - Startup Error: name 'parse_intent' is not defined
2025-07-05 01:18:52,611 - Heard: jarvis cup
2025-07-05 01:18:59,180 - Heard: jarvis wake up
2025-07-05 01:19:09,223 - Heard: what is java
2025-07-05 01:19:09,224 - Startup Error: Expecting value: line 1 column 1 (char 0)
2025-07-05 01:24:09,432 - Heard: jarvis wake up
2025-07-05 01:24:17,513 - Heard: what is java
2025-07-05 01:24:17,514 - Startup Error: Expecting value: line 1 column 1 (char 0)
2025-07-05 01:30:19,490 - Heard: jarvis wake up
2025-07-05 01:30:28,328 - Heard: what is java
2025-07-05 01:30:28,329 - Startup Error: Expecting value: line 1 column 1 (char 0)
